# JRE version: OpenJDK Runtime Environment (11.0.11+9) (build 11.0.11+9-b60-7590822)
# Java VM: OpenJDK 64-Bit Server VM (11.0.11+9-b60-7590822, mixed mode, tiered, compressed oops, g1 gc, windows-amd64)
Heap:
 garbage-first heap   total 262144K, used 166795K [0x0000000080000000, 0x0000000100000000)
  region size 1024K, 79 young (80896K), 7 survivors (7168K)
 Metaspace       used 91541K, capacity 94006K, committed 94076K, reserved 1130496K
  class space    used 11627K, capacity 12540K, committed 12544K, reserved 1048576K
GC Heap History (20 events):
Event: 19.681 GC heap before
{Heap before GC invocations=4 (full 0):
 garbage-first heap   total 262144K, used 103309K [0x0000000080000000, 0x0000000100000000)
  region size 1024K, 86 young (88064K), 2 survivors (2048K)
 Metaspace       used 34892K, capacity 35655K, committed 35708K, reserved 1081344K
  class space    used 4546K, capacity 4862K, committed 4864K, reserved 1048576K
}
Event: 19.692 GC heap after
{Heap after GC invocations=5 (full 0):
 garbage-first heap   total 262144K, used 22538K [0x0000000080000000, 0x0000000100000000)
  region size 1024K, 6 young (6144K), 6 survivors (6144K)
 Metaspace       used 34892K, capacity 35655K, committed 35708K, reserved 1081344K
  class space    used 4546K, capacity 4862K, committed 4864K, reserved 1048576K
}
Event: 21.610 GC heap before
{Heap before GC invocations=6 (full 0):
 garbage-first heap   total 262144K, used 148490K [0x0000000080000000, 0x0000000100000000)
  region size 1024K, 126 young (129024K), 6 survivors (6144K)
 Metaspace       used 45281K, capacity 46353K, committed 46588K, reserved 1089536K
  class space    used 5815K, capacity 6239K, committed 6272K, reserved 1048576K
}
Event: 21.623 GC heap after
{Heap after GC invocations=7 (full 0):
 garbage-first heap   total 262144K, used 29465K [0x0000000080000000, 0x0000000100000000)
  region size 1024K, 13 young (13312K), 13 survivors (13312K)
 Metaspace       used 45281K, capacity 46353K, committed 46588K, reserved 1089536K
  class space    used 5815K, capacity 6239K, committed 6272K, reserved 1048576K
}
Event: 28.893 GC heap before
{Heap before GC invocations=7 (full 0):
 garbage-first heap   total 262144K, used 171801K [0x0000000080000000, 0x0000000100000000)
  region size 1024K, 148 young (151552K), 13 survivors (13312K)
 Metaspace       used 54801K, capacity 56172K, committed 56316K, reserved 1097728K
  class space    used 6989K, capacity 7491K, committed 7552K, reserved 1048576K
}
Event: 28.913 GC heap after
{Heap after GC invocations=8 (full 0):
 garbage-first heap   total 262144K, used 44632K [0x0000000080000000, 0x0000000100000000)
  region size 1024K, 17 young (17408K), 17 survivors (17408K)
 Metaspace       used 54801K, capacity 56172K, committed 56316K, reserved 1097728K
  class space    used 6989K, capacity 7491K, committed 7552K, reserved 1048576K
}
Event: 31.283 GC heap before
{Heap before GC invocations=8 (full 0):
 garbage-first heap   total 262144K, used 66136K [0x0000000080000000, 0x0000000100000000)
  region size 1024K, 39 young (39936K), 17 survivors (17408K)
 Metaspace       used 58430K, capacity 59843K, committed 59900K, reserved 1101824K
  class space    used 7439K, capacity 8007K, committed 8064K, reserved 1048576K
}
Event: 31.301 GC heap after
{Heap after GC invocations=9 (full 0):
 garbage-first heap   total 262144K, used 45818K [0x0000000080000000, 0x0000000100000000)
  region size 1024K, 12 young (12288K), 12 survivors (12288K)
 Metaspace       used 58430K, capacity 59843K, committed 59900K, reserved 1101824K
  class space    used 7439K, capacity 8007K, committed 8064K, reserved 1048576K
}
Event: 33.942 GC heap before
{Heap before GC invocations=10 (full 0):
 garbage-first heap   total 262144K, used 171770K [0x0000000080000000, 0x0000000100000000)
  region size 1024K, 135 young (138240K), 12 survivors (12288K)
 Metaspace       used 68216K, capacity 69821K, committed 70012K, reserved 1110016K
  class space    used 8844K, capacity 9444K, committed 9472K, reserved 1048576K
}
Event: 33.962 GC heap after
{Heap after GC invocations=11 (full 0):
 garbage-first heap   total 262144K, used 55890K [0x0000000080000000, 0x0000000100000000)
  region size 1024K, 11 young (11264K), 11 survivors (11264K)
 Metaspace       used 68216K, capacity 69821K, committed 70012K, reserved 1110016K
  class space    used 8844K, capacity 9444K, committed 9472K, reserved 1048576K
}
Event: 37.703 GC heap before
{Heap before GC invocations=11 (full 0):
 garbage-first heap   total 262144K, used 180818K [0x0000000080000000, 0x0000000100000000)
  region size 1024K, 134 young (137216K), 11 survivors (11264K)
 Metaspace       used 80734K, capacity 82717K, committed 82940K, reserved 1120256K
  class space    used 10595K, capacity 11380K, committed 11392K, reserved 1048576K
}
Event: 37.717 GC heap after
{Heap after GC invocations=12 (full 0):
 garbage-first heap   total 262144K, used 63683K [0x0000000080000000, 0x0000000100000000)
  region size 1024K, 9 young (9216K), 9 survivors (9216K)
 Metaspace       used 80734K, capacity 82717K, committed 82940K, reserved 1120256K
  class space    used 10595K, capacity 11380K, committed 11392K, reserved 1048576K
}
Event: 41.163 GC heap before
{Heap before GC invocations=12 (full 0):
 garbage-first heap   total 262144K, used 190659K [0x0000000080000000, 0x0000000100000000)
  region size 1024K, 131 young (134144K), 9 survivors (9216K)
 Metaspace       used 83904K, capacity 86257K, committed 86524K, reserved 1124352K
  class space    used 10988K, capacity 11867K, committed 11904K, reserved 1048576K
}
Event: 41.186 GC heap after
{Heap after GC invocations=13 (full 0):
 garbage-first heap   total 262144K, used 83968K [0x0000000080000000, 0x0000000100000000)
  region size 1024K, 17 young (17408K), 17 survivors (17408K)
 Metaspace       used 83904K, capacity 86257K, committed 86524K, reserved 1124352K
  class space    used 10988K, capacity 11867K, committed 11904K, reserved 1048576K
}
Event: 42.524 GC heap before
{Heap before GC invocations=13 (full 0):
 garbage-first heap   total 262144K, used 214016K [0x0000000080000000, 0x0000000100000000)
  region size 1024K, 122 young (124928K), 17 survivors (17408K)
 Metaspace       used 85200K, capacity 87654K, committed 87932K, reserved 1126400K
  class space    used 11096K, capacity 11975K, committed 12032K, reserved 1048576K
}
Event: 42.542 GC heap after
{Heap after GC invocations=14 (full 0):
 garbage-first heap   total 262144K, used 90702K [0x0000000080000000, 0x0000000100000000)
  region size 1024K, 6 young (6144K), 6 survivors (6144K)
 Metaspace       used 85200K, capacity 87654K, committed 87932K, reserved 1126400K
  class space    used 11096K, capacity 11975K, committed 12032K, reserved 1048576K
}
Event: 43.498 GC heap before
{Heap before GC invocations=14 (full 0):
 garbage-first heap   total 262144K, used 179790K [0x0000000080000000, 0x0000000100000000)
  region size 1024K, 94 young (96256K), 6 survivors (6144K)
 Metaspace       used 89774K, capacity 92230K, committed 92412K, reserved 1130496K
  class space    used 11434K, capacity 12359K, committed 12416K, reserved 1048576K
}
Event: 43.510 GC heap after
{Heap after GC invocations=15 (full 0):
 garbage-first heap   total 262144K, used 89965K [0x0000000080000000, 0x0000000100000000)
  region size 1024K, 6 young (6144K), 6 survivors (6144K)
 Metaspace       used 89774K, capacity 92230K, committed 92412K, reserved 1130496K
  class space    used 11434K, capacity 12359K, committed 12416K, reserved 1048576K
}
Event: 48.887 GC heap before
{Heap before GC invocations=15 (full 0):
 garbage-first heap   total 262144K, used 197485K [0x0000000080000000, 0x0000000100000000)
  region size 1024K, 110 young (112640K), 6 survivors (6144K)
 Metaspace       used 89903K, capacity 92324K, committed 92412K, reserved 1130496K
  class space    used 11446K, capacity 12368K, committed 12416K, reserved 1048576K
}
Event: 48.897 GC heap after
{Heap after GC invocations=16 (full 0):
 garbage-first heap   total 262144K, used 93067K [0x0000000080000000, 0x0000000100000000)
  region size 1024K, 7 young (7168K), 7 survivors (7168K)
 Metaspace       used 89903K, capacity 92324K, committed 92412K, reserved 1130496K
  class space    used 11446K, capacity 12368K, committed 12416K, reserved 1048576K
}

