# JRE version: OpenJDK Runtime Environment (11.0.11+9) (build 11.0.11+9-b60-7590822)
# Java VM: OpenJDK 64-Bit Server VM (11.0.11+9-b60-7590822, mixed mode, tiered, compressed oops, g1 gc, windows-amd64)
Heap:
 garbage-first heap   total 262144K, used 192115K [0x0000000080000000, 0x0000000100000000)
  region size 1024K, 26 young (26624K), 7 survivors (7168K)
 Metaspace       used 117659K, capacity 121061K, committed 122136K, reserved 1155072K
  class space    used 14926K, capacity 16118K, committed 16488K, reserved 1048576K
GC Heap History (20 events):
Event: 14.637 GC heap before
{Heap before GC invocations=12 (full 0):
 garbage-first heap   total 262144K, used 215564K [0x0000000080000000, 0x0000000100000000)
  region size 1024K, 138 young (141312K), 15 survivors (15360K)
 Metaspace       used 81143K, capacity 83408K, committed 83624K, reserved 1122304K
  class space    used 10600K, capacity 11453K, committed 11512K, reserved 1048576K
}
Event: 14.654 GC heap after
{Heap after GC invocations=13 (full 0):
 garbage-first heap   total 262144K, used 101049K [0x0000000080000000, 0x0000000100000000)
  region size 1024K, 18 young (18432K), 18 survivors (18432K)
 Metaspace       used 81143K, capacity 83408K, committed 83624K, reserved 1122304K
  class space    used 10600K, capacity 11453K, committed 11512K, reserved 1048576K
}
Event: 16.535 GC heap before
{Heap before GC invocations=13 (full 0):
 garbage-first heap   total 262144K, used 211641K [0x0000000080000000, 0x0000000100000000)
  region size 1024K, 125 young (128000K), 18 survivors (18432K)
 Metaspace       used 93348K, capacity 95901K, committed 96168K, reserved 1132544K
  class space    used 12104K, capacity 12993K, committed 13048K, reserved 1048576K
}
Event: 16.552 GC heap after
{Heap after GC invocations=14 (full 0):
 garbage-first heap   total 262144K, used 107127K [0x0000000080000000, 0x0000000100000000)
  region size 1024K, 6 young (6144K), 6 survivors (6144K)
 Metaspace       used 93348K, capacity 95901K, committed 96168K, reserved 1132544K
  class space    used 12104K, capacity 12993K, committed 13048K, reserved 1048576K
}
Event: 17.193 GC heap before
{Heap before GC invocations=14 (full 0):
 garbage-first heap   total 262144K, used 151159K [0x0000000080000000, 0x0000000100000000)
  region size 1024K, 50 young (51200K), 6 survivors (6144K)
 Metaspace       used 97412K, capacity 99957K, committed 100120K, reserved 1136640K
  class space    used 12616K, capacity 13545K, committed 13672K, reserved 1048576K
}
Event: 17.201 GC heap after
{Heap after GC invocations=15 (full 0):
 garbage-first heap   total 262144K, used 110227K [0x0000000080000000, 0x0000000100000000)
  region size 1024K, 9 young (9216K), 9 survivors (9216K)
 Metaspace       used 97412K, capacity 99957K, committed 100120K, reserved 1136640K
  class space    used 12616K, capacity 13545K, committed 13672K, reserved 1048576K
}
Event: 20.538 GC heap before
{Heap before GC invocations=16 (full 0):
 garbage-first heap   total 262144K, used 202387K [0x0000000080000000, 0x0000000100000000)
  region size 1024K, 100 young (102400K), 9 survivors (9216K)
 Metaspace       used 103010K, capacity 105833K, committed 106008K, reserved 1140736K
  class space    used 13335K, capacity 14377K, committed 14440K, reserved 1048576K
}
Event: 20.550 GC heap after
{Heap after GC invocations=17 (full 0):
 garbage-first heap   total 262144K, used 115374K [0x0000000080000000, 0x0000000100000000)
  region size 1024K, 9 young (9216K), 9 survivors (9216K)
 Metaspace       used 103010K, capacity 105833K, committed 106008K, reserved 1140736K
  class space    used 13335K, capacity 14377K, committed 14440K, reserved 1048576K
}
Event: 27.507 GC heap before
{Heap before GC invocations=17 (full 0):
 garbage-first heap   total 262144K, used 206510K [0x0000000080000000, 0x0000000100000000)
  region size 1024K, 99 young (101376K), 9 survivors (9216K)
 Metaspace       used 108572K, capacity 111536K, committed 111768K, reserved 1146880K
  class space    used 14032K, capacity 15216K, committed 15336K, reserved 1048576K
}
Event: 27.519 GC heap after
{Heap after GC invocations=18 (full 0):
 garbage-first heap   total 262144K, used 120154K [0x0000000080000000, 0x0000000100000000)
  region size 1024K, 10 young (10240K), 10 survivors (10240K)
 Metaspace       used 108572K, capacity 111536K, committed 111768K, reserved 1146880K
  class space    used 14032K, capacity 15216K, committed 15336K, reserved 1048576K
}
Event: 240.285 GC heap before
{Heap before GC invocations=18 (full 0):
 garbage-first heap   total 262144K, used 210266K [0x0000000080000000, 0x0000000100000000)
  region size 1024K, 99 young (101376K), 10 survivors (10240K)
 Metaspace       used 112080K, capacity 115603K, committed 115864K, reserved 1148928K
  class space    used 14482K, capacity 15774K, committed 15848K, reserved 1048576K
}
Event: 240.301 GC heap after
{Heap after GC invocations=19 (full 0):
 garbage-first heap   total 262144K, used 127498K [0x0000000080000000, 0x0000000100000000)
  region size 1024K, 13 young (13312K), 13 survivors (13312K)
 Metaspace       used 112080K, capacity 115603K, committed 115864K, reserved 1148928K
  class space    used 14482K, capacity 15774K, committed 15848K, reserved 1048576K
}
Event: 241.919 GC heap before
{Heap before GC invocations=19 (full 0):
 garbage-first heap   total 262144K, used 215562K [0x0000000080000000, 0x0000000100000000)
  region size 1024K, 97 young (99328K), 13 survivors (13312K)
 Metaspace       used 114335K, capacity 117913K, committed 118168K, reserved 1150976K
  class space    used 14676K, capacity 15981K, committed 16104K, reserved 1048576K
}
Event: 241.938 GC heap after
{Heap after GC invocations=20 (full 0):
 garbage-first heap   total 262144K, used 143602K [0x0000000080000000, 0x0000000100000000)
  region size 1024K, 13 young (13312K), 13 survivors (13312K)
 Metaspace       used 114335K, capacity 117913K, committed 118168K, reserved 1150976K
  class space    used 14676K, capacity 15981K, committed 16104K, reserved 1048576K
}
Event: 242.509 GC heap before
{Heap before GC invocations=20 (full 0):
 garbage-first heap   total 262144K, used 180466K [0x0000000080000000, 0x0000000100000000)
  region size 1024K, 51 young (52224K), 13 survivors (13312K)
 Metaspace       used 115519K, capacity 119156K, committed 119192K, reserved 1153024K
  class space    used 14792K, capacity 16098K, committed 16104K, reserved 1048576K
}
Event: 242.555 GC heap after
{Heap after GC invocations=21 (full 0):
 garbage-first heap   total 262144K, used 151133K [0x0000000080000000, 0x0000000100000000)
  region size 1024K, 7 young (7168K), 7 survivors (7168K)
 Metaspace       used 115519K, capacity 119156K, committed 119192K, reserved 1153024K
  class space    used 14792K, capacity 16098K, committed 16104K, reserved 1048576K
}
Event: 243.876 GC heap before
{Heap before GC invocations=22 (full 0):
 garbage-first heap   total 262144K, used 209501K [0x0000000080000000, 0x0000000100000000)
  region size 1024K, 57 young (58368K), 7 survivors (7168K)
 Metaspace       used 117061K, capacity 120389K, committed 121368K, reserved 1155072K
  class space    used 14885K, capacity 16099K, committed 16488K, reserved 1048576K
}
Event: 243.887 GC heap after
{Heap after GC invocations=23 (full 0):
 garbage-first heap   total 262144K, used 154197K [0x0000000080000000, 0x0000000100000000)
  region size 1024K, 4 young (4096K), 4 survivors (4096K)
 Metaspace       used 117061K, capacity 120389K, committed 121368K, reserved 1155072K
  class space    used 14885K, capacity 16099K, committed 16488K, reserved 1048576K
}
Event: 244.263 GC heap before
{Heap before GC invocations=23 (full 0):
 garbage-first heap   total 262144K, used 195157K [0x0000000080000000, 0x0000000100000000)
  region size 1024K, 45 young (46080K), 4 survivors (4096K)
 Metaspace       used 117149K, capacity 120459K, committed 121624K, reserved 1155072K
  class space    used 14893K, capacity 16101K, committed 16488K, reserved 1048576K
}
Event: 244.275 GC heap after
{Heap after GC invocations=24 (full 0):
 garbage-first heap   total 262144K, used 158323K [0x0000000080000000, 0x0000000100000000)
  region size 1024K, 7 young (7168K), 7 survivors (7168K)
 Metaspace       used 117149K, capacity 120459K, committed 121624K, reserved 1155072K
  class space    used 14893K, capacity 16101K, committed 16488K, reserved 1048576K
}

